10:44:58.393 [com.WorkshopJava.app.Main] DEBUG Logger               - Configured Logger
10:44:58.420 [com.WorkshopJava.app.Main] DEBUG GameApplication      - Logging settings
Title: Untitled
Version: 0.0
Width: 800
Height: 600
Fullscreen: false
Intro: false
Profiling: false
Single step:false
App Mode: DEVELOPER
Menu Key: ESCAPE
Stage Style: DECORATED
Scene Factory: class com.almasb.fxgl.app.scene.SceneFactory

10:44:58.759 [JavaFX Application Thread] DEBUG FXGLApplication      - Initializing FXGL
10:44:58.765 [JavaFX Application Thread] INFO  Engine               - FXGL-17.2 (20.08.2022 16.50) on LINUX (J:17.0.5 FX:18)
10:44:58.766 [JavaFX Application Thread] DEBUG Engine               - JRE Vendor Name: Red Hat, Inc.
10:44:58.766 [JavaFX Application Thread] DEBUG Engine               - Running on OS: Linux version 6.1.7-200.fc37.x86_64
10:44:58.766 [JavaFX Application Thread] DEBUG Engine               - Architecture: amd64
10:44:58.766 [JavaFX Application Thread] INFO  Engine               - Source code and latest versions at: https://github.com/AlmasB/FXGL
10:44:58.767 [JavaFX Application Thread] INFO  Engine               -       Ask questions and discuss at: https://github.com/AlmasB/FXGL/discussions
10:44:58.767 [JavaFX Application Thread] INFO  Engine               -              Join the FXGL chat at: https://gitter.im/AlmasB/FXGL
10:44:58.903 [JavaFX Application Thread] DEBUG PrimaryStageWindow   - Creating a JavaFX scene
10:44:59.010 [JavaFX Application Thread] DEBUG PrimaryStageWindow   - Target settings size: 800.0 x 600.0
10:44:59.011 [JavaFX Application Thread] DEBUG PrimaryStageWindow   - Scaled scene size:    800.0 x 600.0
10:44:59.011 [JavaFX Application Thread] DEBUG PrimaryStageWindow   - Scaled ratio: (1.0, 1.0)
10:44:59.013 [JavaFX Application Thread] DEBUG PrimaryStageWindow   - Set initial scene to FXGLStartupScene
10:44:59.022 [JavaFX Application Thread] DEBUG PrimaryStageWindow   - Opening main window
10:44:59.096 [JavaFX Application Thread] DEBUG PrimaryStageWindow   - Window border size: (2.0, 29.0)
10:44:59.096 [JavaFX Application Thread] DEBUG PrimaryStageWindow   - Scaled size: 800.0 x 600.0
10:44:59.097 [JavaFX Application Thread] DEBUG PrimaryStageWindow   - Scaled ratio: (1.0, 1.0)
10:44:59.097 [JavaFX Application Thread] DEBUG PrimaryStageWindow   - Scene size: 800.0 x 600.0
10:44:59.097 [JavaFX Application Thread] DEBUG PrimaryStageWindow   - Stage size: 802.0 x 629.0
10:44:59.104 [FXGL Background Thread 1 ] DEBUG Engine               - Initializing environment variables
10:44:59.141 [FXGL Background Thread 1 ] DEBUG FXGLAssetLoaderServi - User app class for loading assets: class com.WorkshopJava.app.App
10:44:59.142 [FXGL Background Thread 1 ] DEBUG GameApplicationServi - Applying CSS: fxgl_dark.css
10:44:59.143 [FXGL Background Thread 1 ] DEBUG FXGLAssetLoaderServi - Loading from file system: jar:file:/home/jeromme/.m2/repository/com/github/almasb/fxgl/17.2/fxgl-17.2.jar!/fxglassets/ui/css/fxgl_dark.css
10:44:59.210 [FXGL Background Thread 1 ] DEBUG GameApplicationServi - Initializing application scenes
10:44:59.271 [FXGL Background Thread 1 ] DEBUG GameWorld            - Game world initialized
10:44:59.330 [FXGL Background Thread 1 ] DEBUG PhysicsWorld         - Physics world initialized: appHeight=600, physics.ppm=50.0
10:44:59.331 [FXGL Background Thread 1 ] DEBUG PhysicsWorld         - Using strategy: BRUTE_FORCE
10:44:59.336 [FXGL Background Thread 1 ] DEBUG GameScene            - Game scene initialized: 800x600
10:44:59.352 [FXGL Background Thread 1 ] DEBUG FXGL.DefaultMenu     - createMenuBodyGameMenu()
10:44:59.372 [FXGL Background Thread 1 ] DEBUG FXGL.DefaultMenu     - createOptionsMenu()
10:44:59.387 [FXGL Background Thread 1 ] DEBUG FXGLAssetLoaderServi - Loading from file system: jar:file:/home/jeromme/.m2/repository/com/github/almasb/fxgl/17.2/fxgl-17.2.jar!/fxglassets/textures/particles/smoke.png
10:44:59.524 [FXGL Background Thread 1 ] DEBUG FXGLAssetLoaderServi - Loading from file system: jar:file:/home/jeromme/.m2/repository/com/github/almasb/fxgl/17.2/fxgl-17.2.jar!/fxglassets/textures/particles/trace_horizontal.png
10:44:59.552 [FXGL Background Thread 1 ] DEBUG GameApplicationServi - Application scenes initialized
10:44:59.566 [FXGL Background Thread 1 ] DEBUG SystemBundleService  - Loading FXGL system data
10:44:59.571 [FXGL Background Thread 1 ] DEBUG FileSystemAccess     - Reading from: /home/jeromme/Documents/delivery/workshop/workshop_JavaApp/WorkshopJava-app/system/fxgl.bundle
10:44:59.577 [FXGL Background Thread 1 ] DEBUG SystemBundleService  - Bundle FXGL: {}
10:44:59.578 [FXGL Background Thread 1 ] DEBUG UpdaterService       - Checking for updates
10:44:59.583 [FXGL Background Thread 4 ] DEBUG FXGLApplication      - Loading fonts
10:44:59.584 [FXGL Background Thread 4 ] DEBUG FXGLAssetLoaderServi - Loading from file system: jar:file:/home/jeromme/.m2/repository/com/github/almasb/fxgl/17.2/fxgl-17.2.jar!/fxglassets/ui/fonts/VarelaRound-Regular.ttf
10:44:59.584 [FXGL Background Thread 1 ] DEBUG FXGLApplication      - Loading default localization
10:44:59.585 [FXGL Background Thread 1 ] DEBUG FXGLAssetLoaderServi - Loading from file system: jar:file:/home/jeromme/.m2/repository/com/github/almasb/fxgl/17.2/fxgl-17.2.jar!/fxglassets/languages/english.lang
10:44:59.594 [FXGL Background Thread 4 ] DEBUG FXGLAssetLoaderServi - Loading from file system: jar:file:/home/jeromme/.m2/repository/com/github/almasb/fxgl/17.2/fxgl-17.2.jar!/fxglassets/ui/fonts/Abel-Regular.ttf
10:44:59.596 [FXGL Background Thread 4 ] DEBUG FXGLAssetLoaderServi - Loading from file system: jar:file:/home/jeromme/.m2/repository/com/github/almasb/fxgl/17.2/fxgl-17.2.jar!/fxglassets/ui/fonts/TerminalLandMono-Regular.otf
10:44:59.598 [FXGL Background Thread 4 ] DEBUG FXGLAssetLoaderServi - Loading from file system: jar:file:/home/jeromme/.m2/repository/com/github/almasb/fxgl/17.2/fxgl-17.2.jar!/fxglassets/ui/fonts/Courier-Prime.ttf
10:44:59.603 [JavaFX Application Thread] DEBUG FXGLApplication      - Registering font factories with UI factory
10:44:59.606 [FXGL Background Thread 1 ] INFO  FXGLApplication      - FXGL initialization took: 0.502 sec
10:44:59.631 [JavaFX Application Thread] DEBUG Input                - Registered new binding: action0 - Right
10:44:59.632 [JavaFX Application Thread] DEBUG Input                - Registered new binding: action1 - Left
10:44:59.633 [JavaFX Application Thread] DEBUG Input                - Registered new binding: action2 - Up
10:44:59.634 [JavaFX Application Thread] DEBUG Input                - Registered new binding: action3 - Down
10:44:59.634 [JavaFX Application Thread] DEBUG FXGLAssetLoaderServi - Loading from file system: jar:file:/home/jeromme/.m2/repository/com/github/almasb/fxgl/17.2/fxgl-17.2.jar!/fxglassets/textures/fxgl_icon.png
10:44:59.690 [JavaFX Application Thread] DEBUG FXGLAssetLoaderServi - Loading from file system: jar:file:/home/jeromme/.m2/repository/com/github/almasb/fxgl/17.2/fxgl-17.2.jar!/fxglassets/textures/fxgl_default_cursor.png
10:44:59.692 [JavaFX Application Thread] DEBUG Input                - Registered new binding: Screenshot - CTRL+8
10:44:59.692 [JavaFX Application Thread] DEBUG Input                - Registered new binding: System info dump - CTRL+9
10:44:59.693 [JavaFX Application Thread] DEBUG Input                - Registered new binding: Restart - CTRL+R
10:44:59.694 [JavaFX Application Thread] DEBUG Input                - Registered new binding: Toggle Debug Camera - CTRL+7
10:44:59.696 [JavaFX Application Thread] DEBUG LoopRunner           - Starting loop
10:44:59.696 [JavaFX Application Thread] DEBUG LoopRunner           - Initializing JavaFX AnimationTimerLoop
10:44:59.698 [JavaFX Application Thread] DEBUG GameApplicationServi - Starting new game
10:44:59.698 [JavaFX Application Thread] DEBUG Input                - Clearing active input actions
10:44:59.711 [JavaFX Application Thread] DEBUG GameApplicationServi - Removing overlay from FXGLStartupScene and adding to FXGLLoadingScene
10:44:59.711 [JavaFX Application Thread] DEBUG PrimaryStageWindow   - FXGLStartupScene -> FXGLLoadingScene
10:44:59.711 [JavaFX Application Thread] DEBUG GameApplicationServi - Clearing previous game
10:44:59.712 [JavaFX Application Thread] DEBUG GameScene            - Clearing game scene
10:44:59.712 [JavaFX Application Thread] DEBUG GameWorld            - Clearing game world
10:44:59.712 [JavaFX Application Thread] DEBUG PhysicsWorld         - Clearing physics world
10:44:59.714 [FXGL Background Thread 1 ] DEBUG FXGLApplication      - Initializing game
10:44:59.722 [FXGL Background Thread 1 ] INFO  FXGLApplication      - Game initialization took: 0.008 sec
10:44:59.794 [JavaFX Application Thread] DEBUG Input                - Clearing active input actions
10:44:59.807 [JavaFX Application Thread] DEBUG GameApplicationServi - Removing overlay from FXGLLoadingScene and adding to GameScene
10:44:59.808 [JavaFX Application Thread] DEBUG PrimaryStageWindow   - FXGLLoadingScene -> GameScene
10:45:02.581 [FXGL Background Thread 3 ] DEBUG Engine               - Logging environment variables
10:45:02.582 [FXGL Background Thread 3 ] DEBUG Engine               - achievements: []
10:45:02.582 [FXGL Background Thread 3 ] DEBUG Engine               - actualHeight: 571.0
10:45:02.583 [FXGL Background Thread 3 ] DEBUG Engine               - actualHeightProperty: ReadOnlyDoubleProperty [value: 600.0]
10:45:02.583 [FXGL Background Thread 3 ] DEBUG Engine               - actualWidth: 798.0
10:45:02.583 [FXGL Background Thread 3 ] DEBUG Engine               - actualWidthProperty: ReadOnlyDoubleProperty [value: 798.0]
10:45:02.583 [FXGL Background Thread 3 ] DEBUG Engine               - appIcon: fxgl_icon.png
10:45:02.583 [FXGL Background Thread 3 ] DEBUG Engine               - applicationMode: DEVELOPER
10:45:02.583 [FXGL Background Thread 3 ] DEBUG Engine               - cSSList: [fxgl_dark.css]
10:45:02.583 [FXGL Background Thread 3 ] DEBUG Engine               - collisionDetectionStrategy: BRUTE_FORCE
10:45:02.583 [FXGL Background Thread 3 ] DEBUG Engine               - configClass: Optional.empty
10:45:02.584 [FXGL Background Thread 3 ] DEBUG Engine               - credits: []
10:45:02.584 [FXGL Background Thread 3 ] DEBUG Engine               - defaultCursor: CursorInfo(imageName=fxgl_default_cursor.png, hotspotX=7.0, hotspotY=6.0)
10:45:02.584 [FXGL Background Thread 3 ] DEBUG Engine               - devBBoxColorProperty: ObjectProperty [value: 0xff0000ff]
10:45:02.585 [FXGL Background Thread 3 ] DEBUG Engine               - devEnableDebugCameraProperty: BooleanProperty [value: false]
10:45:02.585 [FXGL Background Thread 3 ] DEBUG Engine               - devSensorColorProperty: ObjectProperty [value: 0xffff00ff]
10:45:02.585 [FXGL Background Thread 3 ] DEBUG Engine               - devShowBBoxProperty: BooleanProperty [value: false]
10:45:02.585 [FXGL Background Thread 3 ] DEBUG Engine               - devShowPositionProperty: BooleanProperty [value: false]
10:45:02.585 [FXGL Background Thread 3 ] DEBUG Engine               - enabledMenuItems: []
10:45:02.585 [FXGL Background Thread 3 ] DEBUG Engine               - engineServices: [class com.almasb.fxgl.app.services.FXGLAssetLoaderService, class com.almasb.fxgl.app.FXGLApplication$GameApplicationService, class com.almasb.fxgl.app.services.FXGLDialogService, class com.almasb.fxgl.app.services.IOTaskExecutorService, class com.almasb.fxgl.io.FileSystemService, class com.almasb.fxgl.localization.LocalizationService, class com.almasb.fxgl.app.services.SystemBundleService, class com.almasb.fxgl.profile.SaveLoadService, class com.almasb.fxgl.ui.FXGLUIFactoryServiceProvider, class com.almasb.fxgl.ui.FXGLDialogFactoryServiceProvider, class com.almasb.fxgl.audio.AudioPlayer, class com.almasb.fxgl.notification.impl.NotificationServiceProvider, class com.almasb.fxgl.achievement.AchievementService, class com.almasb.fxgl.cutscene.CutsceneService, class com.almasb.fxgl.minigames.MiniGameService, class com.almasb.fxgl.net.NetService, class com.almasb.fxgl.app.services.UpdaterService, class com.almasb.fxgl.dev.DevService]
10:45:02.585 [FXGL Background Thread 3 ] DEBUG Engine               - fontGame: Abel-Regular.ttf
10:45:02.585 [FXGL Background Thread 3 ] DEBUG Engine               - fontMono: TerminalLandMono-Regular.otf
10:45:02.585 [FXGL Background Thread 3 ] DEBUG Engine               - fontText: Courier-Prime.ttf
10:45:02.586 [FXGL Background Thread 3 ] DEBUG Engine               - fontUI: VarelaRound-Regular.ttf
10:45:02.586 [FXGL Background Thread 3 ] DEBUG Engine               - fullScreen: BooleanProperty [value: false]
10:45:02.586 [FXGL Background Thread 3 ] DEBUG Engine               - gameDifficulty: MEDIUM
10:45:02.586 [FXGL Background Thread 3 ] DEBUG Engine               - gameDifficultyProperty: ObjectProperty [value: MEDIUM]
10:45:02.586 [FXGL Background Thread 3 ] DEBUG Engine               - globalMusicVolume: 0.5
10:45:02.586 [FXGL Background Thread 3 ] DEBUG Engine               - globalMusicVolumeProperty: DoubleProperty [value: 0.5]
10:45:02.586 [FXGL Background Thread 3 ] DEBUG Engine               - globalSoundVolume: 0.5
10:45:02.586 [FXGL Background Thread 3 ] DEBUG Engine               - globalSoundVolumeProperty: DoubleProperty [value: 0.5]
10:45:02.587 [FXGL Background Thread 3 ] DEBUG Engine               - height: 600
10:45:02.587 [FXGL Background Thread 3 ] DEBUG Engine               - is3D: false
10:45:02.587 [FXGL Background Thread 3 ] DEBUG Engine               - isAndroid: false
10:45:02.587 [FXGL Background Thread 3 ] DEBUG Engine               - isBrowser: false
10:45:02.587 [FXGL Background Thread 3 ] DEBUG Engine               - isClickFeedbackEnabled: false
10:45:02.587 [FXGL Background Thread 3 ] DEBUG Engine               - isCloseConfirmation: false
10:45:02.587 [FXGL Background Thread 3 ] DEBUG Engine               - isDesktop: true
10:45:02.587 [FXGL Background Thread 3 ] DEBUG Engine               - isDeveloperMenuEnabled: false
10:45:02.587 [FXGL Background Thread 3 ] DEBUG Engine               - isEmbedded: false
10:45:02.587 [FXGL Background Thread 3 ] DEBUG Engine               - isEntityPreloadEnabled: true
10:45:02.588 [FXGL Background Thread 3 ] DEBUG Engine               - isExperimentalTiledLargeMap: false
10:45:02.588 [FXGL Background Thread 3 ] DEBUG Engine               - isFileSystemWriteAllowed: true
10:45:02.588 [FXGL Background Thread 3 ] DEBUG Engine               - isFullScreenAllowed: false
10:45:02.588 [FXGL Background Thread 3 ] DEBUG Engine               - isFullScreenFromStart: false
10:45:02.588 [FXGL Background Thread 3 ] DEBUG Engine               - isGameMenuEnabled: true
10:45:02.588 [FXGL Background Thread 3 ] DEBUG Engine               - isIOS: false
10:45:02.588 [FXGL Background Thread 3 ] DEBUG Engine               - isIntroEnabled: false
10:45:02.588 [FXGL Background Thread 3 ] DEBUG Engine               - isLinux: true
10:45:02.588 [FXGL Background Thread 3 ] DEBUG Engine               - isMac: false
10:45:02.589 [FXGL Background Thread 3 ] DEBUG Engine               - isMainMenuEnabled: false
10:45:02.589 [FXGL Background Thread 3 ] DEBUG Engine               - isManualResizeEnabled: false
10:45:02.589 [FXGL Background Thread 3 ] DEBUG Engine               - isMobile: false
10:45:02.589 [FXGL Background Thread 3 ] DEBUG Engine               - isNative: false
10:45:02.589 [FXGL Background Thread 3 ] DEBUG Engine               - isPauseMusicWhenMinimized: true
10:45:02.589 [FXGL Background Thread 3 ] DEBUG Engine               - isPreserveResizeRatio: false
10:45:02.589 [FXGL Background Thread 3 ] DEBUG Engine               - isProfilingEnabled: false
10:45:02.589 [FXGL Background Thread 3 ] DEBUG Engine               - isScaleAffectedOnResize: true
10:45:02.589 [FXGL Background Thread 3 ] DEBUG Engine               - isSingleStep: false
10:45:02.590 [FXGL Background Thread 3 ] DEBUG Engine               - isUserProfileEnabled: false
10:45:02.590 [FXGL Background Thread 3 ] DEBUG Engine               - isWindows: false
10:45:02.590 [FXGL Background Thread 3 ] DEBUG Engine               - language: ObjectProperty [value: ENGLISH]
10:45:02.590 [FXGL Background Thread 3 ] DEBUG Engine               - menuKey: ESCAPE
10:45:02.590 [FXGL Background Thread 3 ] DEBUG Engine               - mouseSensitivity: 0.2
10:45:02.590 [FXGL Background Thread 3 ] DEBUG Engine               - notificationViewClass: class com.almasb.fxgl.notification.view.XboxNotificationView
10:45:02.590 [FXGL Background Thread 3 ] DEBUG Engine               - pixelsPerMeter: 50.0
10:45:02.590 [FXGL Background Thread 3 ] DEBUG Engine               - platform: LINUX
10:45:02.590 [FXGL Background Thread 3 ] DEBUG Engine               - prefHeightProperty: ReadOnlyDoubleProperty [value: 600.0]
10:45:02.590 [FXGL Background Thread 3 ] DEBUG Engine               - prefWidthProperty: ReadOnlyDoubleProperty [value: 800.0]
10:45:02.591 [FXGL Background Thread 3 ] DEBUG Engine               - profileDir: profiles/
10:45:02.591 [FXGL Background Thread 3 ] DEBUG Engine               - profileName: StringProperty [value: DEFAULT]
10:45:02.591 [FXGL Background Thread 3 ] DEBUG Engine               - randomSeed: -1
10:45:02.591 [FXGL Background Thread 3 ] DEBUG Engine               - runtimeInfo: RuntimeInfo(platform=LINUX, version=17.2, build=20.08.2022 16.50)
10:45:02.591 [FXGL Background Thread 3 ] DEBUG Engine               - saveFileExt: sav
10:45:02.592 [FXGL Background Thread 3 ] DEBUG Engine               - scaledHeightProp$fxgl: DoubleProperty [bound, value: 600.0]
10:45:02.592 [FXGL Background Thread 3 ] DEBUG Engine               - scaledWidthProp$fxgl: DoubleProperty [bound, value: 798.0]
10:45:02.592 [FXGL Background Thread 3 ] DEBUG Engine               - sceneFactory: com.almasb.fxgl.app.scene.SceneFactory@257f5e41
10:45:02.592 [FXGL Background Thread 3 ] DEBUG Engine               - secondsIn24h: 60
10:45:02.592 [FXGL Background Thread 3 ] DEBUG Engine               - soundMenuBack: menu/back.wav
10:45:02.592 [FXGL Background Thread 3 ] DEBUG Engine               - soundMenuPress: menu/press.wav
10:45:02.592 [FXGL Background Thread 3 ] DEBUG Engine               - soundMenuSelect: menu/select.wav
10:45:02.592 [FXGL Background Thread 3 ] DEBUG Engine               - soundNotification: core/notification.wav
10:45:02.592 [FXGL Background Thread 3 ] DEBUG Engine               - stageStyle: DECORATED
10:45:02.592 [FXGL Background Thread 3 ] DEBUG Engine               - supportedLanguages: [ENGLISH, FRENCH, GERMAN, HUNGARIAN, RUSSIAN]
10:45:02.593 [FXGL Background Thread 3 ] DEBUG Engine               - ticksPerSecond: -1
10:45:02.593 [FXGL Background Thread 3 ] DEBUG Engine               - title: Untitled
10:45:02.593 [FXGL Background Thread 3 ] DEBUG Engine               - urlGithub: https://github.com/AlmasB/FXGL
10:45:02.593 [FXGL Background Thread 3 ] DEBUG Engine               - urlLeaderboard: http://fxgl-top.herokuapp.com/
10:45:02.593 [FXGL Background Thread 3 ] DEBUG Engine               - urlPOM: https://raw.githubusercontent.com/AlmasB/FXGL/release/README.md
10:45:02.593 [FXGL Background Thread 3 ] DEBUG Engine               - userAppClass: class com.WorkshopJava.app.App
10:45:02.593 [FXGL Background Thread 3 ] DEBUG Engine               - version: 0.0
10:45:02.593 [FXGL Background Thread 3 ] DEBUG Engine               - versionCheckDays: 7
10:45:02.594 [FXGL Background Thread 3 ] DEBUG Engine               - width: 800
10:45:02.594 [FXGL Background Thread 3 ] DEBUG Engine               - Logging services
10:45:02.594 [FXGL Background Thread 3 ] DEBUG Engine               - class com.almasb.fxgl.app.services.FXGLAssetLoaderService
10:45:02.594 [FXGL Background Thread 3 ] DEBUG Engine               - class com.almasb.fxgl.app.FXGLApplication$GameApplicationService
10:45:02.594 [FXGL Background Thread 3 ] DEBUG Engine               - class com.almasb.fxgl.app.services.FXGLDialogService
10:45:02.594 [FXGL Background Thread 3 ] DEBUG Engine               - class com.almasb.fxgl.app.services.IOTaskExecutorService
10:45:02.594 [FXGL Background Thread 3 ] DEBUG Engine               - class com.almasb.fxgl.io.FileSystemService
10:45:02.594 [FXGL Background Thread 3 ] DEBUG Engine               - class com.almasb.fxgl.localization.LocalizationService
10:45:02.594 [FXGL Background Thread 3 ] DEBUG Engine               - class com.almasb.fxgl.app.services.SystemBundleService
10:45:02.594 [FXGL Background Thread 3 ] DEBUG Engine               - class com.almasb.fxgl.profile.SaveLoadService
10:45:02.595 [FXGL Background Thread 3 ] DEBUG Engine               - class com.almasb.fxgl.ui.FXGLUIFactoryServiceProvider
10:45:02.595 [FXGL Background Thread 3 ] DEBUG Engine               - class com.almasb.fxgl.ui.FXGLDialogFactoryServiceProvider
10:45:02.595 [FXGL Background Thread 3 ] DEBUG Engine               - class com.almasb.fxgl.audio.AudioPlayer
10:45:02.595 [FXGL Background Thread 3 ] DEBUG Engine               - class com.almasb.fxgl.notification.impl.NotificationServiceProvider
10:45:02.595 [FXGL Background Thread 3 ] DEBUG Engine               - class com.almasb.fxgl.achievement.AchievementService
10:45:02.595 [FXGL Background Thread 3 ] DEBUG Engine               - class com.almasb.fxgl.cutscene.CutsceneService
10:45:02.595 [FXGL Background Thread 3 ] DEBUG Engine               - class com.almasb.fxgl.minigames.MiniGameService
10:45:02.595 [FXGL Background Thread 3 ] DEBUG Engine               - class com.almasb.fxgl.net.NetService
10:45:02.595 [FXGL Background Thread 3 ] DEBUG Engine               - class com.almasb.fxgl.app.services.UpdaterService
10:45:02.595 [FXGL Background Thread 3 ] DEBUG Engine               - class com.almasb.fxgl.dev.DevService
10:45:05.540 [JavaFX Application Thread] DEBUG FXGLApplication      - Exiting FXGL
10:45:05.541 [JavaFX Application Thread] DEBUG LoopRunner           - Stopping loop
10:45:05.541 [JavaFX Application Thread] DEBUG SystemBundleService  - Saving FXGL system data
10:45:05.546 [JavaFX Application Thread] DEBUG FileSystemAccess     - Writing to: /home/jeromme/Documents/delivery/workshop/workshop_JavaApp/WorkshopJava-app/system/fxgl.bundle
10:45:05.551 [JavaFX Application Thread] DEBUG Async                - Shutting down background threads
10:45:05.552 [JavaFX Application Thread] DEBUG PrimaryStageWindow   - Closing main window
10:45:05.556 [JavaFX Application Thread] DEBUG Logger               - Closing Logger
