11:22:34.643 [com.WorkshopJava.app.Main] DEBUG Logger               - Configured Logger
11:22:34.668 [com.WorkshopJava.app.Main] DEBUG GameApplication      - Logging settings
Title: Untitled
Version: 0.0
Width: 800
Height: 600
Fullscreen: false
Intro: false
Profiling: false
Single step:false
App Mode: DEVELOPER
Menu Key: ESCAPE
Stage Style: DECORATED
Scene Factory: class com.almasb.fxgl.app.scene.SceneFactory

11:22:34.980 [JavaFX Application Thread] DEBUG FXGLApplication      - Initializing FXGL
11:22:34.986 [JavaFX Application Thread] INFO  Engine               - FXGL-17.2 (20.08.2022 16.50) on LINUX (J:17.0.5 FX:18)
11:22:34.986 [JavaFX Application Thread] DEBUG Engine               - JRE Vendor Name: Red Hat, Inc.
11:22:34.987 [JavaFX Application Thread] DEBUG Engine               - Running on OS: Linux version 6.1.7-200.fc37.x86_64
11:22:34.987 [JavaFX Application Thread] DEBUG Engine               - Architecture: amd64
11:22:34.987 [JavaFX Application Thread] INFO  Engine               - Source code and latest versions at: https://github.com/AlmasB/FXGL
11:22:34.987 [JavaFX Application Thread] INFO  Engine               -       Ask questions and discuss at: https://github.com/AlmasB/FXGL/discussions
11:22:34.987 [JavaFX Application Thread] INFO  Engine               -              Join the FXGL chat at: https://gitter.im/AlmasB/FXGL
11:22:35.144 [JavaFX Application Thread] DEBUG PrimaryStageWindow   - Creating a JavaFX scene
11:22:35.242 [JavaFX Application Thread] DEBUG PrimaryStageWindow   - Target settings size: 800.0 x 600.0
11:22:35.242 [JavaFX Application Thread] DEBUG PrimaryStageWindow   - Scaled scene size:    800.0 x 600.0
11:22:35.242 [JavaFX Application Thread] DEBUG PrimaryStageWindow   - Scaled ratio: (1.0, 1.0)
11:22:35.244 [JavaFX Application Thread] DEBUG PrimaryStageWindow   - Set initial scene to FXGLStartupScene
11:22:35.254 [JavaFX Application Thread] DEBUG PrimaryStageWindow   - Opening main window
11:22:35.328 [JavaFX Application Thread] DEBUG PrimaryStageWindow   - Window border size: (2.0, 29.0)
11:22:35.328 [JavaFX Application Thread] DEBUG PrimaryStageWindow   - Scaled size: 800.0 x 600.0
11:22:35.328 [JavaFX Application Thread] DEBUG PrimaryStageWindow   - Scaled ratio: (1.0, 1.0)
11:22:35.329 [JavaFX Application Thread] DEBUG PrimaryStageWindow   - Scene size: 800.0 x 600.0
11:22:35.329 [JavaFX Application Thread] DEBUG PrimaryStageWindow   - Stage size: 802.0 x 629.0
11:22:35.337 [FXGL Background Thread 1 ] DEBUG Engine               - Initializing environment variables
11:22:35.374 [FXGL Background Thread 1 ] DEBUG FXGLAssetLoaderServi - User app class for loading assets: class com.WorkshopJava.app.App
11:22:35.374 [FXGL Background Thread 1 ] DEBUG GameApplicationServi - Applying CSS: fxgl_dark.css
11:22:35.376 [FXGL Background Thread 1 ] DEBUG FXGLAssetLoaderServi - Loading from file system: jar:file:/home/jeromme/.m2/repository/com/github/almasb/fxgl/17.2/fxgl-17.2.jar!/fxglassets/ui/css/fxgl_dark.css
11:22:35.457 [FXGL Background Thread 1 ] DEBUG GameApplicationServi - Initializing application scenes
11:22:35.517 [FXGL Background Thread 1 ] DEBUG GameWorld            - Game world initialized
11:22:35.588 [FXGL Background Thread 1 ] DEBUG PhysicsWorld         - Physics world initialized: appHeight=600, physics.ppm=50.0
11:22:35.589 [FXGL Background Thread 1 ] DEBUG PhysicsWorld         - Using strategy: BRUTE_FORCE
11:22:35.594 [FXGL Background Thread 1 ] DEBUG GameScene            - Game scene initialized: 800x600
11:22:35.610 [FXGL Background Thread 1 ] DEBUG FXGL.DefaultMenu     - createMenuBodyGameMenu()
11:22:35.636 [FXGL Background Thread 1 ] DEBUG FXGL.DefaultMenu     - createOptionsMenu()
11:22:35.654 [FXGL Background Thread 1 ] DEBUG FXGLAssetLoaderServi - Loading from file system: jar:file:/home/jeromme/.m2/repository/com/github/almasb/fxgl/17.2/fxgl-17.2.jar!/fxglassets/textures/particles/smoke.png
11:22:35.793 [FXGL Background Thread 1 ] DEBUG FXGLAssetLoaderServi - Loading from file system: jar:file:/home/jeromme/.m2/repository/com/github/almasb/fxgl/17.2/fxgl-17.2.jar!/fxglassets/textures/particles/trace_horizontal.png
11:22:35.825 [FXGL Background Thread 1 ] DEBUG GameApplicationServi - Application scenes initialized
11:22:35.844 [FXGL Background Thread 1 ] DEBUG SystemBundleService  - Loading FXGL system data
11:22:35.850 [FXGL Background Thread 1 ] DEBUG FileSystemAccess     - Reading from: /home/jeromme/Documents/delivery/workshop/workshop_JavaApp/WorkshopJava-app/system/fxgl.bundle
11:22:35.857 [FXGL Background Thread 1 ] DEBUG SystemBundleService  - Bundle FXGL: {}
11:22:35.857 [FXGL Background Thread 1 ] DEBUG UpdaterService       - Checking for updates
11:22:35.863 [FXGL Background Thread 4 ] DEBUG FXGLApplication      - Loading fonts
11:22:35.863 [FXGL Background Thread 4 ] DEBUG FXGLAssetLoaderServi - Loading from file system: jar:file:/home/jeromme/.m2/repository/com/github/almasb/fxgl/17.2/fxgl-17.2.jar!/fxglassets/ui/fonts/VarelaRound-Regular.ttf
11:22:35.864 [FXGL Background Thread 1 ] DEBUG FXGLApplication      - Loading default localization
11:22:35.865 [FXGL Background Thread 1 ] DEBUG FXGLAssetLoaderServi - Loading from file system: jar:file:/home/jeromme/.m2/repository/com/github/almasb/fxgl/17.2/fxgl-17.2.jar!/fxglassets/languages/english.lang
11:22:35.874 [FXGL Background Thread 4 ] DEBUG FXGLAssetLoaderServi - Loading from file system: jar:file:/home/jeromme/.m2/repository/com/github/almasb/fxgl/17.2/fxgl-17.2.jar!/fxglassets/ui/fonts/Abel-Regular.ttf
11:22:35.876 [FXGL Background Thread 4 ] DEBUG FXGLAssetLoaderServi - Loading from file system: jar:file:/home/jeromme/.m2/repository/com/github/almasb/fxgl/17.2/fxgl-17.2.jar!/fxglassets/ui/fonts/TerminalLandMono-Regular.otf
11:22:35.878 [FXGL Background Thread 4 ] DEBUG FXGLAssetLoaderServi - Loading from file system: jar:file:/home/jeromme/.m2/repository/com/github/almasb/fxgl/17.2/fxgl-17.2.jar!/fxglassets/ui/fonts/Courier-Prime.ttf
11:22:35.882 [JavaFX Application Thread] DEBUG FXGLApplication      - Registering font factories with UI factory
11:22:35.888 [FXGL Background Thread 1 ] INFO  FXGLApplication      - FXGL initialization took: 0.551 sec
11:22:35.901 [JavaFX Application Thread] DEBUG Input                - Registered new binding: action0 - Right
11:22:35.902 [JavaFX Application Thread] DEBUG Input                - Registered new binding: action1 - Left
11:22:35.902 [JavaFX Application Thread] DEBUG Input                - Registered new binding: action2 - Up
11:22:35.903 [JavaFX Application Thread] DEBUG Input                - Registered new binding: action3 - Down
11:22:35.904 [JavaFX Application Thread] DEBUG FXGLAssetLoaderServi - Loading from file system: jar:file:/home/jeromme/.m2/repository/com/github/almasb/fxgl/17.2/fxgl-17.2.jar!/fxglassets/textures/fxgl_icon.png
11:22:35.931 [JavaFX Application Thread] DEBUG FXGLAssetLoaderServi - Loading from file system: jar:file:/home/jeromme/.m2/repository/com/github/almasb/fxgl/17.2/fxgl-17.2.jar!/fxglassets/textures/fxgl_default_cursor.png
11:22:35.934 [JavaFX Application Thread] DEBUG Input                - Registered new binding: Screenshot - CTRL+8
11:22:35.934 [JavaFX Application Thread] DEBUG Input                - Registered new binding: System info dump - CTRL+9
11:22:35.935 [JavaFX Application Thread] DEBUG Input                - Registered new binding: Restart - CTRL+R
11:22:35.936 [JavaFX Application Thread] DEBUG Input                - Registered new binding: Toggle Debug Camera - CTRL+7
11:22:35.940 [JavaFX Application Thread] DEBUG LoopRunner           - Starting loop
11:22:35.940 [JavaFX Application Thread] DEBUG LoopRunner           - Initializing JavaFX AnimationTimerLoop
11:22:35.941 [JavaFX Application Thread] DEBUG GameApplicationServi - Starting new game
11:22:35.942 [JavaFX Application Thread] DEBUG Input                - Clearing active input actions
11:22:35.956 [JavaFX Application Thread] DEBUG GameApplicationServi - Removing overlay from FXGLStartupScene and adding to FXGLLoadingScene
11:22:35.957 [JavaFX Application Thread] DEBUG PrimaryStageWindow   - FXGLStartupScene -> FXGLLoadingScene
11:22:35.957 [JavaFX Application Thread] DEBUG GameApplicationServi - Clearing previous game
11:22:35.958 [JavaFX Application Thread] DEBUG GameScene            - Clearing game scene
11:22:35.958 [JavaFX Application Thread] DEBUG GameWorld            - Clearing game world
11:22:35.958 [JavaFX Application Thread] DEBUG PhysicsWorld         - Clearing physics world
11:22:35.960 [FXGL Background Thread 1 ] DEBUG FXGLApplication      - Initializing game
11:22:35.975 [FXGL Background Thread 1 ] INFO  FXGLApplication      - Game initialization took: 0.015 sec
11:22:36.057 [JavaFX Application Thread] DEBUG Input                - Clearing active input actions
11:22:36.064 [JavaFX Application Thread] DEBUG GameApplicationServi - Removing overlay from FXGLLoadingScene and adding to GameScene
11:22:36.064 [JavaFX Application Thread] DEBUG PrimaryStageWindow   - FXGLLoadingScene -> GameScene
11:22:36.724 [FXGL Background Thread 2 ] INFO  UpdaterService       - Your current version:  17.2
11:22:36.724 [FXGL Background Thread 2 ] INFO  UpdaterService       - Latest stable version: 17.3
11:22:38.861 [FXGL Background Thread 3 ] DEBUG Engine               - Logging environment variables
11:22:38.862 [FXGL Background Thread 3 ] DEBUG Engine               - achievements: []
11:22:38.862 [FXGL Background Thread 3 ] DEBUG Engine               - actualHeight: 571.0
11:22:38.862 [FXGL Background Thread 3 ] DEBUG Engine               - actualHeightProperty: ReadOnlyDoubleProperty [value: 600.0]
11:22:38.863 [FXGL Background Thread 3 ] DEBUG Engine               - actualWidth: 798.0
11:22:38.863 [FXGL Background Thread 3 ] DEBUG Engine               - actualWidthProperty: ReadOnlyDoubleProperty [value: 798.0]
11:22:38.863 [FXGL Background Thread 3 ] DEBUG Engine               - appIcon: fxgl_icon.png
11:22:38.863 [FXGL Background Thread 3 ] DEBUG Engine               - applicationMode: DEVELOPER
11:22:38.864 [FXGL Background Thread 3 ] DEBUG Engine               - cSSList: [fxgl_dark.css]
11:22:38.864 [FXGL Background Thread 3 ] DEBUG Engine               - collisionDetectionStrategy: BRUTE_FORCE
11:22:38.864 [FXGL Background Thread 3 ] DEBUG Engine               - configClass: Optional.empty
11:22:38.865 [FXGL Background Thread 3 ] DEBUG Engine               - credits: []
11:22:38.865 [FXGL Background Thread 3 ] DEBUG Engine               - defaultCursor: CursorInfo(imageName=fxgl_default_cursor.png, hotspotX=7.0, hotspotY=6.0)
11:22:38.866 [FXGL Background Thread 3 ] DEBUG Engine               - devBBoxColorProperty: ObjectProperty [value: 0xff0000ff]
11:22:38.867 [FXGL Background Thread 3 ] DEBUG Engine               - devEnableDebugCameraProperty: BooleanProperty [value: false]
11:22:38.867 [FXGL Background Thread 3 ] DEBUG Engine               - devSensorColorProperty: ObjectProperty [value: 0xffff00ff]
11:22:38.867 [FXGL Background Thread 3 ] DEBUG Engine               - devShowBBoxProperty: BooleanProperty [value: false]
11:22:38.867 [FXGL Background Thread 3 ] DEBUG Engine               - devShowPositionProperty: BooleanProperty [value: false]
11:22:38.867 [FXGL Background Thread 3 ] DEBUG Engine               - enabledMenuItems: []
11:22:38.868 [FXGL Background Thread 3 ] DEBUG Engine               - engineServices: [class com.almasb.fxgl.app.services.FXGLAssetLoaderService, class com.almasb.fxgl.app.FXGLApplication$GameApplicationService, class com.almasb.fxgl.app.services.FXGLDialogService, class com.almasb.fxgl.app.services.IOTaskExecutorService, class com.almasb.fxgl.io.FileSystemService, class com.almasb.fxgl.localization.LocalizationService, class com.almasb.fxgl.app.services.SystemBundleService, class com.almasb.fxgl.profile.SaveLoadService, class com.almasb.fxgl.ui.FXGLUIFactoryServiceProvider, class com.almasb.fxgl.ui.FXGLDialogFactoryServiceProvider, class com.almasb.fxgl.audio.AudioPlayer, class com.almasb.fxgl.notification.impl.NotificationServiceProvider, class com.almasb.fxgl.achievement.AchievementService, class com.almasb.fxgl.cutscene.CutsceneService, class com.almasb.fxgl.minigames.MiniGameService, class com.almasb.fxgl.net.NetService, class com.almasb.fxgl.app.services.UpdaterService, class com.almasb.fxgl.dev.DevService]
11:22:38.868 [FXGL Background Thread 3 ] DEBUG Engine               - fontGame: Abel-Regular.ttf
11:22:38.868 [FXGL Background Thread 3 ] DEBUG Engine               - fontMono: TerminalLandMono-Regular.otf
11:22:38.868 [FXGL Background Thread 3 ] DEBUG Engine               - fontText: Courier-Prime.ttf
11:22:38.869 [FXGL Background Thread 3 ] DEBUG Engine               - fontUI: VarelaRound-Regular.ttf
11:22:38.869 [FXGL Background Thread 3 ] DEBUG Engine               - fullScreen: BooleanProperty [value: false]
11:22:38.869 [FXGL Background Thread 3 ] DEBUG Engine               - gameDifficulty: MEDIUM
11:22:38.869 [FXGL Background Thread 3 ] DEBUG Engine               - gameDifficultyProperty: ObjectProperty [value: MEDIUM]
11:22:38.869 [FXGL Background Thread 3 ] DEBUG Engine               - globalMusicVolume: 0.5
11:22:38.870 [FXGL Background Thread 3 ] DEBUG Engine               - globalMusicVolumeProperty: DoubleProperty [value: 0.5]
11:22:38.870 [FXGL Background Thread 3 ] DEBUG Engine               - globalSoundVolume: 0.5
11:22:38.870 [FXGL Background Thread 3 ] DEBUG Engine               - globalSoundVolumeProperty: DoubleProperty [value: 0.5]
11:22:38.870 [FXGL Background Thread 3 ] DEBUG Engine               - height: 600
11:22:38.870 [FXGL Background Thread 3 ] DEBUG Engine               - is3D: false
11:22:38.871 [FXGL Background Thread 3 ] DEBUG Engine               - isAndroid: false
11:22:38.871 [FXGL Background Thread 3 ] DEBUG Engine               - isBrowser: false
11:22:38.871 [FXGL Background Thread 3 ] DEBUG Engine               - isClickFeedbackEnabled: false
11:22:38.871 [FXGL Background Thread 3 ] DEBUG Engine               - isCloseConfirmation: false
11:22:38.871 [FXGL Background Thread 3 ] DEBUG Engine               - isDesktop: true
11:22:38.871 [FXGL Background Thread 3 ] DEBUG Engine               - isDeveloperMenuEnabled: false
11:22:38.871 [FXGL Background Thread 3 ] DEBUG Engine               - isEmbedded: false
11:22:38.872 [FXGL Background Thread 3 ] DEBUG Engine               - isEntityPreloadEnabled: true
11:22:38.872 [FXGL Background Thread 3 ] DEBUG Engine               - isExperimentalTiledLargeMap: false
11:22:38.872 [FXGL Background Thread 3 ] DEBUG Engine               - isFileSystemWriteAllowed: true
11:22:38.872 [FXGL Background Thread 3 ] DEBUG Engine               - isFullScreenAllowed: false
11:22:38.872 [FXGL Background Thread 3 ] DEBUG Engine               - isFullScreenFromStart: false
11:22:38.872 [FXGL Background Thread 3 ] DEBUG Engine               - isGameMenuEnabled: true
11:22:38.872 [FXGL Background Thread 3 ] DEBUG Engine               - isIOS: false
11:22:38.872 [FXGL Background Thread 3 ] DEBUG Engine               - isIntroEnabled: false
11:22:38.872 [FXGL Background Thread 3 ] DEBUG Engine               - isLinux: true
11:22:38.872 [FXGL Background Thread 3 ] DEBUG Engine               - isMac: false
11:22:38.872 [FXGL Background Thread 3 ] DEBUG Engine               - isMainMenuEnabled: false
11:22:38.872 [FXGL Background Thread 3 ] DEBUG Engine               - isManualResizeEnabled: false
11:22:38.873 [FXGL Background Thread 3 ] DEBUG Engine               - isMobile: false
11:22:38.873 [FXGL Background Thread 3 ] DEBUG Engine               - isNative: false
11:22:38.873 [FXGL Background Thread 3 ] DEBUG Engine               - isPauseMusicWhenMinimized: true
11:22:38.873 [FXGL Background Thread 3 ] DEBUG Engine               - isPreserveResizeRatio: false
11:22:38.873 [FXGL Background Thread 3 ] DEBUG Engine               - isProfilingEnabled: false
11:22:38.873 [FXGL Background Thread 3 ] DEBUG Engine               - isScaleAffectedOnResize: true
11:22:38.873 [FXGL Background Thread 3 ] DEBUG Engine               - isSingleStep: false
11:22:38.873 [FXGL Background Thread 3 ] DEBUG Engine               - isUserProfileEnabled: false
11:22:38.873 [FXGL Background Thread 3 ] DEBUG Engine               - isWindows: false
11:22:38.873 [FXGL Background Thread 3 ] DEBUG Engine               - language: ObjectProperty [value: ENGLISH]
11:22:38.873 [FXGL Background Thread 3 ] DEBUG Engine               - menuKey: ESCAPE
11:22:38.874 [FXGL Background Thread 3 ] DEBUG Engine               - mouseSensitivity: 0.2
11:22:38.874 [FXGL Background Thread 3 ] DEBUG Engine               - notificationViewClass: class com.almasb.fxgl.notification.view.XboxNotificationView
11:22:38.874 [FXGL Background Thread 3 ] DEBUG Engine               - pixelsPerMeter: 50.0
11:22:38.874 [FXGL Background Thread 3 ] DEBUG Engine               - platform: LINUX
11:22:38.874 [FXGL Background Thread 3 ] DEBUG Engine               - prefHeightProperty: ReadOnlyDoubleProperty [value: 600.0]
11:22:38.874 [FXGL Background Thread 3 ] DEBUG Engine               - prefWidthProperty: ReadOnlyDoubleProperty [value: 800.0]
11:22:38.874 [FXGL Background Thread 3 ] DEBUG Engine               - profileDir: profiles/
11:22:38.874 [FXGL Background Thread 3 ] DEBUG Engine               - profileName: StringProperty [value: DEFAULT]
11:22:38.874 [FXGL Background Thread 3 ] DEBUG Engine               - randomSeed: -1
11:22:38.875 [FXGL Background Thread 3 ] DEBUG Engine               - runtimeInfo: RuntimeInfo(platform=LINUX, version=17.2, build=20.08.2022 16.50)
11:22:38.875 [FXGL Background Thread 3 ] DEBUG Engine               - saveFileExt: sav
11:22:38.875 [FXGL Background Thread 3 ] DEBUG Engine               - scaledHeightProp$fxgl: DoubleProperty [bound, value: 600.0]
11:22:38.875 [FXGL Background Thread 3 ] DEBUG Engine               - scaledWidthProp$fxgl: DoubleProperty [bound, value: 798.0]
11:22:38.875 [FXGL Background Thread 3 ] DEBUG Engine               - sceneFactory: com.almasb.fxgl.app.scene.SceneFactory@11a5a44a
11:22:38.875 [FXGL Background Thread 3 ] DEBUG Engine               - secondsIn24h: 60
11:22:38.875 [FXGL Background Thread 3 ] DEBUG Engine               - soundMenuBack: menu/back.wav
11:22:38.875 [FXGL Background Thread 3 ] DEBUG Engine               - soundMenuPress: menu/press.wav
11:22:38.876 [FXGL Background Thread 3 ] DEBUG Engine               - soundMenuSelect: menu/select.wav
11:22:38.876 [FXGL Background Thread 3 ] DEBUG Engine               - soundNotification: core/notification.wav
11:22:38.876 [FXGL Background Thread 3 ] DEBUG Engine               - stageStyle: DECORATED
11:22:38.876 [FXGL Background Thread 3 ] DEBUG Engine               - supportedLanguages: [ENGLISH, FRENCH, GERMAN, HUNGARIAN, RUSSIAN]
11:22:38.876 [FXGL Background Thread 3 ] DEBUG Engine               - ticksPerSecond: -1
11:22:38.876 [FXGL Background Thread 3 ] DEBUG Engine               - title: Untitled
11:22:38.877 [FXGL Background Thread 3 ] DEBUG Engine               - urlGithub: https://github.com/AlmasB/FXGL
11:22:38.877 [FXGL Background Thread 3 ] DEBUG Engine               - urlLeaderboard: http://fxgl-top.herokuapp.com/
11:22:38.877 [FXGL Background Thread 3 ] DEBUG Engine               - urlPOM: https://raw.githubusercontent.com/AlmasB/FXGL/release/README.md
11:22:38.877 [FXGL Background Thread 3 ] DEBUG Engine               - userAppClass: class com.WorkshopJava.app.App
11:22:38.877 [FXGL Background Thread 3 ] DEBUG Engine               - version: 0.0
11:22:38.877 [FXGL Background Thread 3 ] DEBUG Engine               - versionCheckDays: 7
11:22:38.878 [FXGL Background Thread 3 ] DEBUG Engine               - width: 800
11:22:38.878 [FXGL Background Thread 3 ] DEBUG Engine               - Logging services
11:22:38.878 [FXGL Background Thread 3 ] DEBUG Engine               - class com.almasb.fxgl.app.services.FXGLAssetLoaderService
11:22:38.878 [FXGL Background Thread 3 ] DEBUG Engine               - class com.almasb.fxgl.app.FXGLApplication$GameApplicationService
11:22:38.878 [FXGL Background Thread 3 ] DEBUG Engine               - class com.almasb.fxgl.app.services.FXGLDialogService
11:22:38.878 [FXGL Background Thread 3 ] DEBUG Engine               - class com.almasb.fxgl.app.services.IOTaskExecutorService
11:22:38.879 [FXGL Background Thread 3 ] DEBUG Engine               - class com.almasb.fxgl.io.FileSystemService
11:22:38.879 [FXGL Background Thread 3 ] DEBUG Engine               - class com.almasb.fxgl.localization.LocalizationService
11:22:38.879 [FXGL Background Thread 3 ] DEBUG Engine               - class com.almasb.fxgl.app.services.SystemBundleService
11:22:38.879 [FXGL Background Thread 3 ] DEBUG Engine               - class com.almasb.fxgl.profile.SaveLoadService
11:22:38.879 [FXGL Background Thread 3 ] DEBUG Engine               - class com.almasb.fxgl.ui.FXGLUIFactoryServiceProvider
11:22:38.879 [FXGL Background Thread 3 ] DEBUG Engine               - class com.almasb.fxgl.ui.FXGLDialogFactoryServiceProvider
11:22:38.880 [FXGL Background Thread 3 ] DEBUG Engine               - class com.almasb.fxgl.audio.AudioPlayer
11:22:38.880 [FXGL Background Thread 3 ] DEBUG Engine               - class com.almasb.fxgl.notification.impl.NotificationServiceProvider
11:22:38.880 [FXGL Background Thread 3 ] DEBUG Engine               - class com.almasb.fxgl.achievement.AchievementService
11:22:38.880 [FXGL Background Thread 3 ] DEBUG Engine               - class com.almasb.fxgl.cutscene.CutsceneService
11:22:38.880 [FXGL Background Thread 3 ] DEBUG Engine               - class com.almasb.fxgl.minigames.MiniGameService
11:22:38.880 [FXGL Background Thread 3 ] DEBUG Engine               - class com.almasb.fxgl.net.NetService
11:22:38.880 [FXGL Background Thread 3 ] DEBUG Engine               - class com.almasb.fxgl.app.services.UpdaterService
11:22:38.881 [FXGL Background Thread 3 ] DEBUG Engine               - class com.almasb.fxgl.dev.DevService
11:22:43.263 [JavaFX Application Thread] DEBUG FXGLApplication      - Exiting FXGL
11:22:43.264 [JavaFX Application Thread] DEBUG LoopRunner           - Stopping loop
11:22:43.264 [JavaFX Application Thread] DEBUG SystemBundleService  - Saving FXGL system data
11:22:43.268 [JavaFX Application Thread] DEBUG FileSystemAccess     - Writing to: /home/jeromme/Documents/delivery/workshop/workshop_JavaApp/WorkshopJava-app/system/fxgl.bundle
11:22:43.272 [JavaFX Application Thread] DEBUG Async                - Shutting down background threads
11:22:43.273 [JavaFX Application Thread] DEBUG PrimaryStageWindow   - Closing main window
11:22:43.277 [JavaFX Application Thread] DEBUG Logger               - Closing Logger
