12:00:06.748 [com.WorkshopJava.app.Main] DEBUG Logger               - Configured Logger
12:00:06.798 [com.WorkshopJava.app.Main] DEBUG GameApplication      - Logging settings
Title: Untitled
Version: 0.0
Width: 800
Height: 600
Fullscreen: false
Intro: false
Profiling: false
Single step:false
App Mode: DEVELOPER
Menu Key: ESCAPE
Stage Style: DECORATED
Scene Factory: class com.almasb.fxgl.app.scene.SceneFactory

12:00:07.274 [JavaFX Application Thread] DEBUG FXGLApplication      - Initializing FXGL
12:00:07.293 [JavaFX Application Thread] INFO  Engine               - FXGL-17.2 (20.08.2022 16.50) on LINUX (J:17.0.5 FX:18)
12:00:07.294 [JavaFX Application Thread] DEBUG Engine               - JRE Vendor Name: Red Hat, Inc.
12:00:07.295 [JavaFX Application Thread] DEBUG Engine               - Running on OS: Linux version 6.1.7-200.fc37.x86_64
12:00:07.296 [JavaFX Application Thread] DEBUG Engine               - Architecture: amd64
12:00:07.296 [JavaFX Application Thread] INFO  Engine               - Source code and latest versions at: https://github.com/AlmasB/FXGL
12:00:07.297 [JavaFX Application Thread] INFO  Engine               -       Ask questions and discuss at: https://github.com/AlmasB/FXGL/discussions
12:00:07.297 [JavaFX Application Thread] INFO  Engine               -              Join the FXGL chat at: https://gitter.im/AlmasB/FXGL
12:00:07.578 [JavaFX Application Thread] DEBUG PrimaryStageWindow   - Creating a JavaFX scene
12:00:07.732 [JavaFX Application Thread] DEBUG PrimaryStageWindow   - Target settings size: 800.0 x 600.0
12:00:07.733 [JavaFX Application Thread] DEBUG PrimaryStageWindow   - Scaled scene size:    800.0 x 600.0
12:00:07.733 [JavaFX Application Thread] DEBUG PrimaryStageWindow   - Scaled ratio: (1.0, 1.0)
12:00:07.735 [JavaFX Application Thread] DEBUG PrimaryStageWindow   - Set initial scene to FXGLStartupScene
12:00:07.752 [JavaFX Application Thread] DEBUG PrimaryStageWindow   - Opening main window
12:00:07.880 [JavaFX Application Thread] DEBUG PrimaryStageWindow   - Window border size: (2.0, 29.0)
12:00:07.880 [JavaFX Application Thread] DEBUG PrimaryStageWindow   - Scaled size: 800.0 x 600.0
12:00:07.881 [JavaFX Application Thread] DEBUG PrimaryStageWindow   - Scaled ratio: (1.0, 1.0)
12:00:07.881 [JavaFX Application Thread] DEBUG PrimaryStageWindow   - Scene size: 800.0 x 600.0
12:00:07.881 [JavaFX Application Thread] DEBUG PrimaryStageWindow   - Stage size: 802.0 x 629.0
12:00:07.895 [FXGL Background Thread 1 ] DEBUG Engine               - Initializing environment variables
12:00:07.967 [FXGL Background Thread 1 ] DEBUG FXGLAssetLoaderServi - User app class for loading assets: class com.WorkshopJava.app.App
12:00:07.968 [FXGL Background Thread 1 ] DEBUG GameApplicationServi - Applying CSS: fxgl_dark.css
12:00:07.973 [FXGL Background Thread 1 ] DEBUG FXGLAssetLoaderServi - Loading from file system: jar:file:/home/jeromme/.m2/repository/com/github/almasb/fxgl/17.2/fxgl-17.2.jar!/fxglassets/ui/css/fxgl_dark.css
12:00:08.144 [FXGL Background Thread 1 ] DEBUG GameApplicationServi - Initializing application scenes
12:00:08.254 [FXGL Background Thread 1 ] DEBUG GameWorld            - Game world initialized
12:00:08.357 [FXGL Background Thread 1 ] DEBUG PhysicsWorld         - Physics world initialized: appHeight=600, physics.ppm=50.0
12:00:08.358 [FXGL Background Thread 1 ] DEBUG PhysicsWorld         - Using strategy: BRUTE_FORCE
12:00:08.369 [FXGL Background Thread 1 ] DEBUG GameScene            - Game scene initialized: 800x600
12:00:08.399 [FXGL Background Thread 1 ] DEBUG FXGL.DefaultMenu     - createMenuBodyGameMenu()
12:00:08.442 [FXGL Background Thread 1 ] DEBUG FXGL.DefaultMenu     - createOptionsMenu()
12:00:08.476 [FXGL Background Thread 1 ] DEBUG FXGLAssetLoaderServi - Loading from file system: jar:file:/home/jeromme/.m2/repository/com/github/almasb/fxgl/17.2/fxgl-17.2.jar!/fxglassets/textures/particles/smoke.png
12:00:08.682 [FXGL Background Thread 1 ] DEBUG FXGLAssetLoaderServi - Loading from file system: jar:file:/home/jeromme/.m2/repository/com/github/almasb/fxgl/17.2/fxgl-17.2.jar!/fxglassets/textures/particles/trace_horizontal.png
12:00:08.731 [FXGL Background Thread 1 ] DEBUG GameApplicationServi - Application scenes initialized
12:00:08.765 [FXGL Background Thread 1 ] DEBUG SystemBundleService  - Loading FXGL system data
12:00:08.775 [FXGL Background Thread 1 ] DEBUG FileSystemAccess     - Reading from: /home/jeromme/Documents/delivery/workshop/workshop_JavaApp/WorkshopJava-app/system/fxgl.bundle
12:00:08.786 [FXGL Background Thread 1 ] DEBUG SystemBundleService  - Bundle FXGL: {}
12:00:08.786 [FXGL Background Thread 1 ] DEBUG UpdaterService       - Checking for updates
12:00:08.795 [FXGL Background Thread 4 ] DEBUG FXGLApplication      - Loading fonts
12:00:08.796 [FXGL Background Thread 4 ] DEBUG FXGLAssetLoaderServi - Loading from file system: jar:file:/home/jeromme/.m2/repository/com/github/almasb/fxgl/17.2/fxgl-17.2.jar!/fxglassets/ui/fonts/VarelaRound-Regular.ttf
12:00:08.797 [FXGL Background Thread 1 ] DEBUG FXGLApplication      - Loading default localization
12:00:08.799 [FXGL Background Thread 1 ] DEBUG FXGLAssetLoaderServi - Loading from file system: jar:file:/home/jeromme/.m2/repository/com/github/almasb/fxgl/17.2/fxgl-17.2.jar!/fxglassets/languages/english.lang
12:00:08.815 [FXGL Background Thread 4 ] DEBUG FXGLAssetLoaderServi - Loading from file system: jar:file:/home/jeromme/.m2/repository/com/github/almasb/fxgl/17.2/fxgl-17.2.jar!/fxglassets/ui/fonts/Abel-Regular.ttf
12:00:08.818 [FXGL Background Thread 4 ] DEBUG FXGLAssetLoaderServi - Loading from file system: jar:file:/home/jeromme/.m2/repository/com/github/almasb/fxgl/17.2/fxgl-17.2.jar!/fxglassets/ui/fonts/TerminalLandMono-Regular.otf
12:00:08.823 [FXGL Background Thread 4 ] DEBUG FXGLAssetLoaderServi - Loading from file system: jar:file:/home/jeromme/.m2/repository/com/github/almasb/fxgl/17.2/fxgl-17.2.jar!/fxglassets/ui/fonts/Courier-Prime.ttf
12:00:08.832 [JavaFX Application Thread] DEBUG FXGLApplication      - Registering font factories with UI factory
12:00:08.836 [FXGL Background Thread 1 ] INFO  FXGLApplication      - FXGL initialization took: 0.941 sec
12:00:08.862 [JavaFX Application Thread] DEBUG Input                - Registered new binding: action0 - Right
12:00:08.863 [JavaFX Application Thread] DEBUG Input                - Registered new binding: action1 - Left
12:00:08.865 [JavaFX Application Thread] DEBUG Input                - Registered new binding: action2 - Up
12:00:08.866 [JavaFX Application Thread] DEBUG Input                - Registered new binding: action3 - Down
12:00:08.867 [JavaFX Application Thread] DEBUG FXGLAssetLoaderServi - Loading from file system: jar:file:/home/jeromme/.m2/repository/com/github/almasb/fxgl/17.2/fxgl-17.2.jar!/fxglassets/textures/fxgl_icon.png
12:00:08.918 [JavaFX Application Thread] DEBUG FXGLAssetLoaderServi - Loading from file system: jar:file:/home/jeromme/.m2/repository/com/github/almasb/fxgl/17.2/fxgl-17.2.jar!/fxglassets/textures/fxgl_default_cursor.png
12:00:08.922 [JavaFX Application Thread] DEBUG Input                - Registered new binding: Screenshot - CTRL+8
12:00:08.924 [JavaFX Application Thread] DEBUG Input                - Registered new binding: System info dump - CTRL+9
12:00:08.925 [JavaFX Application Thread] DEBUG Input                - Registered new binding: Restart - CTRL+R
12:00:08.927 [JavaFX Application Thread] DEBUG Input                - Registered new binding: Toggle Debug Camera - CTRL+7
12:00:08.931 [JavaFX Application Thread] DEBUG LoopRunner           - Starting loop
12:00:08.931 [JavaFX Application Thread] DEBUG LoopRunner           - Initializing JavaFX AnimationTimerLoop
12:00:08.935 [JavaFX Application Thread] DEBUG GameApplicationServi - Starting new game
12:00:08.936 [JavaFX Application Thread] DEBUG Input                - Clearing active input actions
12:00:08.954 [JavaFX Application Thread] DEBUG GameApplicationServi - Removing overlay from FXGLStartupScene and adding to FXGLLoadingScene
12:00:08.955 [JavaFX Application Thread] DEBUG PrimaryStageWindow   - FXGLStartupScene -> FXGLLoadingScene
12:00:08.955 [JavaFX Application Thread] DEBUG GameApplicationServi - Clearing previous game
12:00:08.956 [JavaFX Application Thread] DEBUG GameScene            - Clearing game scene
12:00:08.956 [JavaFX Application Thread] DEBUG GameWorld            - Clearing game world
12:00:08.956 [JavaFX Application Thread] DEBUG PhysicsWorld         - Clearing physics world
12:00:08.959 [FXGL Background Thread 1 ] DEBUG FXGLApplication      - Initializing game
12:00:08.982 [FXGL Background Thread 1 ] INFO  FXGLApplication      - Game initialization took: 0.023 sec
12:00:09.115 [JavaFX Application Thread] DEBUG Input                - Clearing active input actions
12:00:09.131 [JavaFX Application Thread] DEBUG GameApplicationServi - Removing overlay from FXGLLoadingScene and adding to GameScene
12:00:09.131 [JavaFX Application Thread] DEBUG PrimaryStageWindow   - FXGLLoadingScene -> GameScene
12:00:09.567 [FXGL Background Thread 2 ] INFO  UpdaterService       - Your current version:  17.2
12:00:09.568 [FXGL Background Thread 2 ] INFO  UpdaterService       - Latest stable version: 17.3
12:00:11.792 [FXGL Background Thread 3 ] DEBUG Engine               - Logging environment variables
12:00:11.793 [FXGL Background Thread 3 ] DEBUG Engine               - achievements: []
12:00:11.793 [FXGL Background Thread 3 ] DEBUG Engine               - actualHeight: 571.0
12:00:11.793 [FXGL Background Thread 3 ] DEBUG Engine               - actualHeightProperty: ReadOnlyDoubleProperty [value: 600.0]
12:00:11.794 [FXGL Background Thread 3 ] DEBUG Engine               - actualWidth: 798.0
12:00:11.794 [FXGL Background Thread 3 ] DEBUG Engine               - actualWidthProperty: ReadOnlyDoubleProperty [value: 798.0]
12:00:11.794 [FXGL Background Thread 3 ] DEBUG Engine               - appIcon: fxgl_icon.png
12:00:11.794 [FXGL Background Thread 3 ] DEBUG Engine               - applicationMode: DEVELOPER
12:00:11.794 [FXGL Background Thread 3 ] DEBUG Engine               - cSSList: [fxgl_dark.css]
12:00:11.794 [FXGL Background Thread 3 ] DEBUG Engine               - collisionDetectionStrategy: BRUTE_FORCE
12:00:11.794 [FXGL Background Thread 3 ] DEBUG Engine               - configClass: Optional.empty
12:00:11.795 [FXGL Background Thread 3 ] DEBUG Engine               - credits: []
12:00:11.795 [FXGL Background Thread 3 ] DEBUG Engine               - defaultCursor: CursorInfo(imageName=fxgl_default_cursor.png, hotspotX=7.0, hotspotY=6.0)
12:00:11.796 [FXGL Background Thread 3 ] DEBUG Engine               - devBBoxColorProperty: ObjectProperty [value: 0xff0000ff]
12:00:11.796 [FXGL Background Thread 3 ] DEBUG Engine               - devEnableDebugCameraProperty: BooleanProperty [value: false]
12:00:11.796 [FXGL Background Thread 3 ] DEBUG Engine               - devSensorColorProperty: ObjectProperty [value: 0xffff00ff]
12:00:11.797 [FXGL Background Thread 3 ] DEBUG Engine               - devShowBBoxProperty: BooleanProperty [value: false]
12:00:11.797 [FXGL Background Thread 3 ] DEBUG Engine               - devShowPositionProperty: BooleanProperty [value: false]
12:00:11.797 [FXGL Background Thread 3 ] DEBUG Engine               - enabledMenuItems: []
12:00:11.797 [FXGL Background Thread 3 ] DEBUG Engine               - engineServices: [class com.almasb.fxgl.app.services.FXGLAssetLoaderService, class com.almasb.fxgl.app.FXGLApplication$GameApplicationService, class com.almasb.fxgl.app.services.FXGLDialogService, class com.almasb.fxgl.app.services.IOTaskExecutorService, class com.almasb.fxgl.io.FileSystemService, class com.almasb.fxgl.localization.LocalizationService, class com.almasb.fxgl.app.services.SystemBundleService, class com.almasb.fxgl.profile.SaveLoadService, class com.almasb.fxgl.ui.FXGLUIFactoryServiceProvider, class com.almasb.fxgl.ui.FXGLDialogFactoryServiceProvider, class com.almasb.fxgl.audio.AudioPlayer, class com.almasb.fxgl.notification.impl.NotificationServiceProvider, class com.almasb.fxgl.achievement.AchievementService, class com.almasb.fxgl.cutscene.CutsceneService, class com.almasb.fxgl.minigames.MiniGameService, class com.almasb.fxgl.net.NetService, class com.almasb.fxgl.app.services.UpdaterService, class com.almasb.fxgl.dev.DevService]
12:00:11.797 [FXGL Background Thread 3 ] DEBUG Engine               - fontGame: Abel-Regular.ttf
12:00:11.797 [FXGL Background Thread 3 ] DEBUG Engine               - fontMono: TerminalLandMono-Regular.otf
12:00:11.797 [FXGL Background Thread 3 ] DEBUG Engine               - fontText: Courier-Prime.ttf
12:00:11.797 [FXGL Background Thread 3 ] DEBUG Engine               - fontUI: VarelaRound-Regular.ttf
12:00:11.797 [FXGL Background Thread 3 ] DEBUG Engine               - fullScreen: BooleanProperty [value: false]
12:00:11.798 [FXGL Background Thread 3 ] DEBUG Engine               - gameDifficulty: MEDIUM
12:00:11.798 [FXGL Background Thread 3 ] DEBUG Engine               - gameDifficultyProperty: ObjectProperty [value: MEDIUM]
12:00:11.798 [FXGL Background Thread 3 ] DEBUG Engine               - globalMusicVolume: 0.5
12:00:11.798 [FXGL Background Thread 3 ] DEBUG Engine               - globalMusicVolumeProperty: DoubleProperty [value: 0.5]
12:00:11.798 [FXGL Background Thread 3 ] DEBUG Engine               - globalSoundVolume: 0.5
12:00:11.798 [FXGL Background Thread 3 ] DEBUG Engine               - globalSoundVolumeProperty: DoubleProperty [value: 0.5]
12:00:11.798 [FXGL Background Thread 3 ] DEBUG Engine               - height: 600
12:00:11.798 [FXGL Background Thread 3 ] DEBUG Engine               - is3D: false
12:00:11.799 [FXGL Background Thread 3 ] DEBUG Engine               - isAndroid: false
12:00:11.799 [FXGL Background Thread 3 ] DEBUG Engine               - isBrowser: false
12:00:11.799 [FXGL Background Thread 3 ] DEBUG Engine               - isClickFeedbackEnabled: false
12:00:11.799 [FXGL Background Thread 3 ] DEBUG Engine               - isCloseConfirmation: false
12:00:11.799 [FXGL Background Thread 3 ] DEBUG Engine               - isDesktop: true
12:00:11.799 [FXGL Background Thread 3 ] DEBUG Engine               - isDeveloperMenuEnabled: false
12:00:11.799 [FXGL Background Thread 3 ] DEBUG Engine               - isEmbedded: false
12:00:11.799 [FXGL Background Thread 3 ] DEBUG Engine               - isEntityPreloadEnabled: true
12:00:11.799 [FXGL Background Thread 3 ] DEBUG Engine               - isExperimentalTiledLargeMap: false
12:00:11.799 [FXGL Background Thread 3 ] DEBUG Engine               - isFileSystemWriteAllowed: true
12:00:11.800 [FXGL Background Thread 3 ] DEBUG Engine               - isFullScreenAllowed: false
12:00:11.800 [FXGL Background Thread 3 ] DEBUG Engine               - isFullScreenFromStart: false
12:00:11.800 [FXGL Background Thread 3 ] DEBUG Engine               - isGameMenuEnabled: true
12:00:11.800 [FXGL Background Thread 3 ] DEBUG Engine               - isIOS: false
12:00:11.800 [FXGL Background Thread 3 ] DEBUG Engine               - isIntroEnabled: false
12:00:11.800 [FXGL Background Thread 3 ] DEBUG Engine               - isLinux: true
12:00:11.800 [FXGL Background Thread 3 ] DEBUG Engine               - isMac: false
12:00:11.800 [FXGL Background Thread 3 ] DEBUG Engine               - isMainMenuEnabled: false
12:00:11.800 [FXGL Background Thread 3 ] DEBUG Engine               - isManualResizeEnabled: false
12:00:11.801 [FXGL Background Thread 3 ] DEBUG Engine               - isMobile: false
12:00:11.801 [FXGL Background Thread 3 ] DEBUG Engine               - isNative: false
12:00:11.801 [FXGL Background Thread 3 ] DEBUG Engine               - isPauseMusicWhenMinimized: true
12:00:11.801 [FXGL Background Thread 3 ] DEBUG Engine               - isPreserveResizeRatio: false
12:00:11.801 [FXGL Background Thread 3 ] DEBUG Engine               - isProfilingEnabled: false
12:00:11.801 [FXGL Background Thread 3 ] DEBUG Engine               - isScaleAffectedOnResize: true
12:00:11.801 [FXGL Background Thread 3 ] DEBUG Engine               - isSingleStep: false
12:00:11.801 [FXGL Background Thread 3 ] DEBUG Engine               - isUserProfileEnabled: false
12:00:11.802 [FXGL Background Thread 3 ] DEBUG Engine               - isWindows: false
12:00:11.802 [FXGL Background Thread 3 ] DEBUG Engine               - language: ObjectProperty [value: ENGLISH]
12:00:11.802 [FXGL Background Thread 3 ] DEBUG Engine               - menuKey: ESCAPE
12:00:11.802 [FXGL Background Thread 3 ] DEBUG Engine               - mouseSensitivity: 0.2
12:00:11.802 [FXGL Background Thread 3 ] DEBUG Engine               - notificationViewClass: class com.almasb.fxgl.notification.view.XboxNotificationView
12:00:11.802 [FXGL Background Thread 3 ] DEBUG Engine               - pixelsPerMeter: 50.0
12:00:11.802 [FXGL Background Thread 3 ] DEBUG Engine               - platform: LINUX
12:00:11.803 [FXGL Background Thread 3 ] DEBUG Engine               - prefHeightProperty: ReadOnlyDoubleProperty [value: 600.0]
12:00:11.803 [FXGL Background Thread 3 ] DEBUG Engine               - prefWidthProperty: ReadOnlyDoubleProperty [value: 800.0]
12:00:11.803 [FXGL Background Thread 3 ] DEBUG Engine               - profileDir: profiles/
12:00:11.803 [FXGL Background Thread 3 ] DEBUG Engine               - profileName: StringProperty [value: DEFAULT]
12:00:11.803 [FXGL Background Thread 3 ] DEBUG Engine               - randomSeed: -1
12:00:11.804 [FXGL Background Thread 3 ] DEBUG Engine               - runtimeInfo: RuntimeInfo(platform=LINUX, version=17.2, build=20.08.2022 16.50)
12:00:11.804 [FXGL Background Thread 3 ] DEBUG Engine               - saveFileExt: sav
12:00:11.804 [FXGL Background Thread 3 ] DEBUG Engine               - scaledHeightProp$fxgl: DoubleProperty [bound, value: 600.0]
12:00:11.804 [FXGL Background Thread 3 ] DEBUG Engine               - scaledWidthProp$fxgl: DoubleProperty [bound, value: 798.0]
12:00:11.805 [FXGL Background Thread 3 ] DEBUG Engine               - sceneFactory: com.almasb.fxgl.app.scene.SceneFactory@79e39275
12:00:11.805 [FXGL Background Thread 3 ] DEBUG Engine               - secondsIn24h: 60
12:00:11.805 [FXGL Background Thread 3 ] DEBUG Engine               - soundMenuBack: menu/back.wav
12:00:11.805 [FXGL Background Thread 3 ] DEBUG Engine               - soundMenuPress: menu/press.wav
12:00:11.805 [FXGL Background Thread 3 ] DEBUG Engine               - soundMenuSelect: menu/select.wav
12:00:11.805 [FXGL Background Thread 3 ] DEBUG Engine               - soundNotification: core/notification.wav
12:00:11.806 [FXGL Background Thread 3 ] DEBUG Engine               - stageStyle: DECORATED
12:00:11.806 [FXGL Background Thread 3 ] DEBUG Engine               - supportedLanguages: [ENGLISH, FRENCH, GERMAN, HUNGARIAN, RUSSIAN]
12:00:11.806 [FXGL Background Thread 3 ] DEBUG Engine               - ticksPerSecond: -1
12:00:11.806 [FXGL Background Thread 3 ] DEBUG Engine               - title: Untitled
12:00:11.806 [FXGL Background Thread 3 ] DEBUG Engine               - urlGithub: https://github.com/AlmasB/FXGL
12:00:11.806 [FXGL Background Thread 3 ] DEBUG Engine               - urlLeaderboard: http://fxgl-top.herokuapp.com/
12:00:11.807 [FXGL Background Thread 3 ] DEBUG Engine               - urlPOM: https://raw.githubusercontent.com/AlmasB/FXGL/release/README.md
12:00:11.807 [FXGL Background Thread 3 ] DEBUG Engine               - userAppClass: class com.WorkshopJava.app.App
12:00:11.807 [FXGL Background Thread 3 ] DEBUG Engine               - version: 0.0
12:00:11.807 [FXGL Background Thread 3 ] DEBUG Engine               - versionCheckDays: 7
12:00:11.807 [FXGL Background Thread 3 ] DEBUG Engine               - width: 800
12:00:11.807 [FXGL Background Thread 3 ] DEBUG Engine               - Logging services
12:00:11.808 [FXGL Background Thread 3 ] DEBUG Engine               - class com.almasb.fxgl.app.services.FXGLAssetLoaderService
12:00:11.808 [FXGL Background Thread 3 ] DEBUG Engine               - class com.almasb.fxgl.app.FXGLApplication$GameApplicationService
12:00:11.808 [FXGL Background Thread 3 ] DEBUG Engine               - class com.almasb.fxgl.app.services.FXGLDialogService
12:00:11.808 [FXGL Background Thread 3 ] DEBUG Engine               - class com.almasb.fxgl.app.services.IOTaskExecutorService
12:00:11.808 [FXGL Background Thread 3 ] DEBUG Engine               - class com.almasb.fxgl.io.FileSystemService
12:00:11.808 [FXGL Background Thread 3 ] DEBUG Engine               - class com.almasb.fxgl.localization.LocalizationService
12:00:11.809 [FXGL Background Thread 3 ] DEBUG Engine               - class com.almasb.fxgl.app.services.SystemBundleService
12:00:11.809 [FXGL Background Thread 3 ] DEBUG Engine               - class com.almasb.fxgl.profile.SaveLoadService
12:00:11.809 [FXGL Background Thread 3 ] DEBUG Engine               - class com.almasb.fxgl.ui.FXGLUIFactoryServiceProvider
12:00:11.809 [FXGL Background Thread 3 ] DEBUG Engine               - class com.almasb.fxgl.ui.FXGLDialogFactoryServiceProvider
12:00:11.809 [FXGL Background Thread 3 ] DEBUG Engine               - class com.almasb.fxgl.audio.AudioPlayer
12:00:11.809 [FXGL Background Thread 3 ] DEBUG Engine               - class com.almasb.fxgl.notification.impl.NotificationServiceProvider
12:00:11.810 [FXGL Background Thread 3 ] DEBUG Engine               - class com.almasb.fxgl.achievement.AchievementService
12:00:11.810 [FXGL Background Thread 3 ] DEBUG Engine               - class com.almasb.fxgl.cutscene.CutsceneService
12:00:11.810 [FXGL Background Thread 3 ] DEBUG Engine               - class com.almasb.fxgl.minigames.MiniGameService
12:00:11.810 [FXGL Background Thread 3 ] DEBUG Engine               - class com.almasb.fxgl.net.NetService
12:00:11.810 [FXGL Background Thread 3 ] DEBUG Engine               - class com.almasb.fxgl.app.services.UpdaterService
12:00:11.810 [FXGL Background Thread 3 ] DEBUG Engine               - class com.almasb.fxgl.dev.DevService
12:00:13.400 [JavaFX Application Thread] DEBUG FXGLApplication      - Exiting FXGL
12:00:13.401 [JavaFX Application Thread] DEBUG LoopRunner           - Stopping loop
12:00:13.401 [JavaFX Application Thread] DEBUG SystemBundleService  - Saving FXGL system data
12:00:13.405 [JavaFX Application Thread] DEBUG FileSystemAccess     - Writing to: /home/jeromme/Documents/delivery/workshop/workshop_JavaApp/WorkshopJava-app/system/fxgl.bundle
12:00:13.410 [JavaFX Application Thread] DEBUG Async                - Shutting down background threads
12:00:13.411 [JavaFX Application Thread] DEBUG PrimaryStageWindow   - Closing main window
12:00:13.417 [JavaFX Application Thread] DEBUG Logger               - Closing Logger
